2020-02-05 11:11:00> Program: Starting Squirrel Updater: --createShortcut=GpxUi.exe
2020-02-05 11:11:00> ApplyReleasesImpl: About to create shortcuts for GpxUi.exe, rootAppDir C:\Users\lammerss\AppData\Local\GpxUi
2020-02-05 11:11:00> ApplyReleasesImpl: Creating shortcut for GpxUi.exe => C:\Users\lammerss\AppData\Roaming\Microsoft\Windows\Start Menu\Programs\MarkWal\GpxUi.lnk
2020-02-05 11:11:00> ApplyReleasesImpl: About to save shortcut: C:\Users\lammerss\AppData\Roaming\Microsoft\Windows\Start Menu\Programs\MarkWal\GpxUi.lnk (target C:\Users\lammerss\AppData\Local\GpxUi\Update.exe, workingDir C:\Users\lammerss\AppData\Local\GpxUi\app-2.5.2, args --processStart GpxUi.exe)
2020-02-05 11:11:00> ApplyReleasesImpl: Creating shortcut for GpxUi.exe => C:\Users\lammerss\Desktop\GpxUi.lnk
2020-02-05 11:11:00> ApplyReleasesImpl: About to save shortcut: C:\Users\lammerss\Desktop\GpxUi.lnk (target C:\Users\lammerss\AppData\Local\GpxUi\Update.exe, workingDir C:\Users\lammerss\AppData\Local\GpxUi\app-2.5.2, args --processStart GpxUi.exe)
2020-02-05 11:11:00> ApplyReleasesImpl: Processing shortcut ''
2020-02-05 11:11:00> ApplyReleasesImpl: Does not match 'C:\Users\lammerss\AppData\Local\GpxUi\app-2.5.2', continuing to next directory
2020-02-05 11:11:00> Program: Starting Squirrel Updater: --update=https://markwal.github.io/GpxUi
2020-02-05 11:11:00> Program: Starting update, downloading from https://markwal.github.io/GpxUi
2020-02-05 11:11:00> Program: About to update to: C:\Users\lammerss\AppData\Local\GpxUi
2020-02-05 11:11:00> SingleGlobalInstance: Failed to grab lockfile, will retry: C:\Users\lammerss\AppData\Local\Temp\.squirrel-lock-9773A09FF6F22DDE6746AE35B56D5386725B51F8: System.IO.IOException: The process cannot access the file 'C:\Users\lammerss\AppData\Local\Temp\.squirrel-lock-9773A09FF6F22DDE6746AE35B56D5386725B51F8' because it is being used by another process.
   at System.IO.__Error.WinIOError(Int32 errorCode, String maybeFullPath)
   at System.IO.FileStream.Init(String path, FileMode mode, FileAccess access, Int32 rights, Boolean useRights, FileShare share, Int32 bufferSize, FileOptions options, SECURITY_ATTRIBUTES secAttrs, String msgPath, Boolean bFromProxy, Boolean useLongPath, Boolean checkHost)
   at System.IO.FileStream..ctor(String path, FileMode mode, FileAccess access, FileShare share)
   at Squirrel.SingleGlobalInstance..ctor(String key, TimeSpan timeOut)
2020-02-05 11:11:00> CheckForUpdateImpl: Downloading RELEASES file from https://markwal.github.io/GpxUi
2020-02-05 11:11:00> FileDownloader: Downloading url: https://markwal.github.io/GpxUi/RELEASES
2020-02-05 11:11:01> IEnableLogger: Failed to download url: https://markwal.github.io/GpxUi/RELEASES: System.Net.WebException: The request was aborted: Could not create SSL/TLS secure channel.
   at System.Net.HttpWebRequest.EndGetResponse(IAsyncResult asyncResult)
   at System.Net.WebClient.GetWebResponse(WebRequest request, IAsyncResult result)
   at System.Net.WebClient.DownloadBitsResponseCallback(IAsyncResult result)
--- End of stack trace from previous location where exception was thrown ---
   at System.Runtime.CompilerServices.TaskAwaiter.ThrowForNonSuccess(Task task)
   at System.Runtime.CompilerServices.TaskAwaiter.HandleNonSuccessAndDebuggerNotification(Task task)
   at Squirrel.Utility.<LogIfThrows>d__54`1.MoveNext()
2020-02-05 11:11:01> FileDownloader: Downloading url: https://markwal.github.io/gpxui/releases
2020-02-05 11:11:01> IEnableLogger: Failed to download url: https://markwal.github.io/gpxui/releases: System.Net.WebException: The request was aborted: Could not create SSL/TLS secure channel.
   at System.Net.HttpWebRequest.EndGetResponse(IAsyncResult asyncResult)
   at System.Net.WebClient.GetWebResponse(WebRequest request, IAsyncResult result)
   at System.Net.WebClient.DownloadBitsResponseCallback(IAsyncResult result)
--- End of stack trace from previous location where exception was thrown ---
   at System.Runtime.CompilerServices.TaskAwaiter.ThrowForNonSuccess(Task task)
   at System.Runtime.CompilerServices.TaskAwaiter.HandleNonSuccessAndDebuggerNotification(Task task)
   at Squirrel.Utility.<LogIfThrows>d__54`1.MoveNext()
2020-02-05 11:11:01> CheckForUpdateImpl: Download resulted in WebException (returning blank release list): System.Net.WebException: The request was aborted: Could not create SSL/TLS secure channel.
   at System.Net.HttpWebRequest.EndGetResponse(IAsyncResult asyncResult)
   at System.Net.WebClient.GetWebResponse(WebRequest request, IAsyncResult result)
   at System.Net.WebClient.DownloadBitsResponseCallback(IAsyncResult result)
--- End of stack trace from previous location where exception was thrown ---
   at System.Runtime.CompilerServices.TaskAwaiter.ThrowForNonSuccess(Task task)
   at System.Runtime.CompilerServices.TaskAwaiter.HandleNonSuccessAndDebuggerNotification(Task task)
   at Squirrel.Utility.<LogIfThrows>d__54`1.MoveNext()
--- End of stack trace from previous location where exception was thrown ---
   at System.Runtime.CompilerServices.TaskAwaiter.ThrowForNonSuccess(Task task)
   at System.Runtime.CompilerServices.TaskAwaiter.HandleNonSuccessAndDebuggerNotification(Task task)
   at Squirrel.FileDownloader.<DownloadUrl>d__14.MoveNext()
--- End of stack trace from previous location where exception was thrown ---
   at System.Runtime.CompilerServices.TaskAwaiter.ThrowForNonSuccess(Task task)
   at System.Runtime.CompilerServices.TaskAwaiter.HandleNonSuccessAndDebuggerNotification(Task task)
   at Squirrel.UpdateManager.CheckForUpdateImpl.<CheckForUpdate>d__3a.MoveNext()
2020-02-05 11:11:01> FileDownloader: Downloading url: https://markwal.github.io/GpxUi/RELEASES
2020-02-05 11:11:01> IEnableLogger: Failed to download url: https://markwal.github.io/GpxUi/RELEASES: System.Net.WebException: The request was aborted: Could not create SSL/TLS secure channel.
   at System.Net.HttpWebRequest.EndGetResponse(IAsyncResult asyncResult)
   at System.Net.WebClient.GetWebResponse(WebRequest request, IAsyncResult result)
   at System.Net.WebClient.DownloadBitsResponseCallback(IAsyncResult result)
--- End of stack trace from previous location where exception was thrown ---
   at System.Runtime.CompilerServices.TaskAwaiter.ThrowForNonSuccess(Task task)
   at System.Runtime.CompilerServices.TaskAwaiter.HandleNonSuccessAndDebuggerNotification(Task task)
   at Squirrel.Utility.<LogIfThrows>d__54`1.MoveNext()
2020-02-05 11:11:01> FileDownloader: Downloading url: https://markwal.github.io/gpxui/releases
2020-02-05 11:11:01> IEnableLogger: Failed to download url: https://markwal.github.io/gpxui/releases: System.Net.WebException: The request was aborted: Could not create SSL/TLS secure channel.
   at System.Net.HttpWebRequest.EndGetResponse(IAsyncResult asyncResult)
   at System.Net.WebClient.GetWebResponse(WebRequest request, IAsyncResult result)
   at System.Net.WebClient.DownloadBitsResponseCallback(IAsyncResult result)
--- End of stack trace from previous location where exception was thrown ---
   at System.Runtime.CompilerServices.TaskAwaiter.ThrowForNonSuccess(Task task)
   at System.Runtime.CompilerServices.TaskAwaiter.HandleNonSuccessAndDebuggerNotification(Task task)
   at Squirrel.Utility.<LogIfThrows>d__54`1.MoveNext()
2020-02-05 11:11:01> CheckForUpdateImpl: Download resulted in WebException (returning blank release list): System.Net.WebException: The request was aborted: Could not create SSL/TLS secure channel.
   at System.Net.HttpWebRequest.EndGetResponse(IAsyncResult asyncResult)
   at System.Net.WebClient.GetWebResponse(WebRequest request, IAsyncResult result)
   at System.Net.WebClient.DownloadBitsResponseCallback(IAsyncResult result)
--- End of stack trace from previous location where exception was thrown ---
   at System.Runtime.CompilerServices.TaskAwaiter.ThrowForNonSuccess(Task task)
   at System.Runtime.CompilerServices.TaskAwaiter.HandleNonSuccessAndDebuggerNotification(Task task)
   at Squirrel.Utility.<LogIfThrows>d__54`1.MoveNext()
--- End of stack trace from previous location where exception was thrown ---
   at System.Runtime.CompilerServices.TaskAwaiter.ThrowForNonSuccess(Task task)
   at System.Runtime.CompilerServices.TaskAwaiter.HandleNonSuccessAndDebuggerNotification(Task task)
   at Squirrel.FileDownloader.<DownloadUrl>d__14.MoveNext()
--- End of stack trace from previous location where exception was thrown ---
   at System.Runtime.CompilerServices.TaskAwaiter.ThrowForNonSuccess(Task task)
   at System.Runtime.CompilerServices.TaskAwaiter.HandleNonSuccessAndDebuggerNotification(Task task)
   at Squirrel.UpdateManager.CheckForUpdateImpl.<CheckForUpdate>d__3a.MoveNext()
2020-02-05 11:11:01> FileDownloader: Downloading url: https://markwal.github.io/GpxUi/RELEASES
2020-02-05 11:11:01> IEnableLogger: Failed to download url: https://markwal.github.io/GpxUi/RELEASES: System.Net.WebException: The request was aborted: Could not create SSL/TLS secure channel.
   at System.Net.HttpWebRequest.EndGetResponse(IAsyncResult asyncResult)
   at System.Net.WebClient.GetWebResponse(WebRequest request, IAsyncResult result)
   at System.Net.WebClient.DownloadBitsResponseCallback(IAsyncResult result)
--- End of stack trace from previous location where exception was thrown ---
   at System.Runtime.CompilerServices.TaskAwaiter.ThrowForNonSuccess(Task task)
   at System.Runtime.CompilerServices.TaskAwaiter.HandleNonSuccessAndDebuggerNotification(Task task)
   at Squirrel.Utility.<LogIfThrows>d__54`1.MoveNext()
2020-02-05 11:11:01> FileDownloader: Downloading url: https://markwal.github.io/gpxui/releases
2020-02-05 11:11:01> IEnableLogger: Failed to download url: https://markwal.github.io/gpxui/releases: System.Net.WebException: The request was aborted: Could not create SSL/TLS secure channel.
   at System.Net.HttpWebRequest.EndGetResponse(IAsyncResult asyncResult)
   at System.Net.WebClient.GetWebResponse(WebRequest request, IAsyncResult result)
   at System.Net.WebClient.DownloadBitsResponseCallback(IAsyncResult result)
--- End of stack trace from previous location where exception was thrown ---
   at System.Runtime.CompilerServices.TaskAwaiter.ThrowForNonSuccess(Task task)
   at System.Runtime.CompilerServices.TaskAwaiter.HandleNonSuccessAndDebuggerNotification(Task task)
   at Squirrel.Utility.<LogIfThrows>d__54`1.MoveNext()
2020-02-05 11:11:01> CheckForUpdateImpl: Download resulted in WebException (returning blank release list): System.Net.WebException: The request was aborted: Could not create SSL/TLS secure channel.
   at System.Net.HttpWebRequest.EndGetResponse(IAsyncResult asyncResult)
   at System.Net.WebClient.GetWebResponse(WebRequest request, IAsyncResult result)
   at System.Net.WebClient.DownloadBitsResponseCallback(IAsyncResult result)
--- End of stack trace from previous location where exception was thrown ---
   at System.Runtime.CompilerServices.TaskAwaiter.ThrowForNonSuccess(Task task)
   at System.Runtime.CompilerServices.TaskAwaiter.HandleNonSuccessAndDebuggerNotification(Task task)
   at Squirrel.Utility.<LogIfThrows>d__54`1.MoveNext()
--- End of stack trace from previous location where exception was thrown ---
   at System.Runtime.CompilerServices.TaskAwaiter.ThrowForNonSuccess(Task task)
   at System.Runtime.CompilerServices.TaskAwaiter.HandleNonSuccessAndDebuggerNotification(Task task)
   at Squirrel.FileDownloader.<DownloadUrl>d__14.MoveNext()
--- End of stack trace from previous location where exception was thrown ---
   at System.Runtime.CompilerServices.TaskAwaiter.ThrowForNonSuccess(Task task)
   at System.Runtime.CompilerServices.TaskAwaiter.HandleNonSuccessAndDebuggerNotification(Task task)
   at Squirrel.UpdateManager.CheckForUpdateImpl.<CheckForUpdate>d__3a.MoveNext()
2020-02-05 11:11:01> FileDownloader: Downloading url: https://markwal.github.io/GpxUi/RELEASES
2020-02-05 11:11:01> IEnableLogger: Failed to download url: https://markwal.github.io/GpxUi/RELEASES: System.Net.WebException: The request was aborted: Could not create SSL/TLS secure channel.
   at System.Net.HttpWebRequest.EndGetResponse(IAsyncResult asyncResult)
   at System.Net.WebClient.GetWebResponse(WebRequest request, IAsyncResult result)
   at System.Net.WebClient.DownloadBitsResponseCallback(IAsyncResult result)
--- End of stack trace from previous location where exception was thrown ---
   at System.Runtime.CompilerServices.TaskAwaiter.ThrowForNonSuccess(Task task)
   at System.Runtime.CompilerServices.TaskAwaiter.HandleNonSuccessAndDebuggerNotification(Task task)
   at Squirrel.Utility.<LogIfThrows>d__54`1.MoveNext()
2020-02-05 11:11:01> FileDownloader: Downloading url: https://markwal.github.io/gpxui/releases
2020-02-05 11:11:01> IEnableLogger: Failed to download url: https://markwal.github.io/gpxui/releases: System.Net.WebException: The request was aborted: Could not create SSL/TLS secure channel.
   at System.Net.HttpWebRequest.EndGetResponse(IAsyncResult asyncResult)
   at System.Net.WebClient.GetWebResponse(WebRequest request, IAsyncResult result)
   at System.Net.WebClient.DownloadBitsResponseCallback(IAsyncResult result)
--- End of stack trace from previous location where exception was thrown ---
   at System.Runtime.CompilerServices.TaskAwaiter.ThrowForNonSuccess(Task task)
   at System.Runtime.CompilerServices.TaskAwaiter.HandleNonSuccessAndDebuggerNotification(Task task)
   at Squirrel.Utility.<LogIfThrows>d__54`1.MoveNext()
2020-02-05 11:11:01> CheckForUpdateImpl: Download resulted in WebException (returning blank release list): System.Net.WebException: The request was aborted: Could not create SSL/TLS secure channel.
   at System.Net.HttpWebRequest.EndGetResponse(IAsyncResult asyncResult)
   at System.Net.WebClient.GetWebResponse(WebRequest request, IAsyncResult result)
   at System.Net.WebClient.DownloadBitsResponseCallback(IAsyncResult result)
--- End of stack trace from previous location where exception was thrown ---
   at System.Runtime.CompilerServices.TaskAwaiter.ThrowForNonSuccess(Task task)
   at System.Runtime.CompilerServices.TaskAwaiter.HandleNonSuccessAndDebuggerNotification(Task task)
   at Squirrel.Utility.<LogIfThrows>d__54`1.MoveNext()
--- End of stack trace from previous location where exception was thrown ---
   at System.Runtime.CompilerServices.TaskAwaiter.ThrowForNonSuccess(Task task)
   at System.Runtime.CompilerServices.TaskAwaiter.HandleNonSuccessAndDebuggerNotification(Task task)
   at Squirrel.FileDownloader.<DownloadUrl>d__14.MoveNext()
--- End of stack trace from previous location where exception was thrown ---
   at System.Runtime.CompilerServices.TaskAwaiter.ThrowForNonSuccess(Task task)
   at System.Runtime.CompilerServices.TaskAwaiter.HandleNonSuccessAndDebuggerNotification(Task task)
   at Squirrel.UpdateManager.CheckForUpdateImpl.<CheckForUpdate>d__3a.MoveNext()
2020-02-05 11:11:01> Program: Failed to apply updates, falling back to full updates: System.Net.WebException: The request was aborted: Could not create SSL/TLS secure channel.
   at System.Net.HttpWebRequest.EndGetResponse(IAsyncResult asyncResult)
   at System.Net.WebClient.GetWebResponse(WebRequest request, IAsyncResult result)
   at System.Net.WebClient.DownloadBitsResponseCallback(IAsyncResult result)
--- End of stack trace from previous location where exception was thrown ---
   at System.Runtime.CompilerServices.TaskAwaiter.ThrowForNonSuccess(Task task)
   at System.Runtime.CompilerServices.TaskAwaiter.HandleNonSuccessAndDebuggerNotification(Task task)
   at Squirrel.Utility.<LogIfThrows>d__54`1.MoveNext()
--- End of stack trace from previous location where exception was thrown ---
   at System.Runtime.CompilerServices.TaskAwaiter.ThrowForNonSuccess(Task task)
   at System.Runtime.CompilerServices.TaskAwaiter.HandleNonSuccessAndDebuggerNotification(Task task)
   at Squirrel.FileDownloader.<DownloadUrl>d__14.MoveNext()
--- End of stack trace from previous location where exception was thrown ---
   at System.Runtime.CompilerServices.TaskAwaiter.ThrowForNonSuccess(Task task)
   at System.Runtime.CompilerServices.TaskAwaiter.HandleNonSuccessAndDebuggerNotification(Task task)
   at Squirrel.UpdateManager.CheckForUpdateImpl.<CheckForUpdate>d__3a.MoveNext()
--- End of stack trace from previous location where exception was thrown ---
   at System.Runtime.CompilerServices.TaskAwaiter.ThrowForNonSuccess(Task task)
   at System.Runtime.CompilerServices.TaskAwaiter.HandleNonSuccessAndDebuggerNotification(Task task)
   at Squirrel.UpdateManager.<CheckForUpdate>d__0.MoveNext()
--- End of stack trace from previous location where exception was thrown ---
   at System.Runtime.CompilerServices.TaskAwaiter.ThrowForNonSuccess(Task task)
   at System.Runtime.CompilerServices.TaskAwaiter.HandleNonSuccessAndDebuggerNotification(Task task)
   at Squirrel.Update.Program.<Update>d__41.MoveNext()
2020-02-05 11:11:01> CheckForUpdateImpl: Downloading RELEASES file from https://markwal.github.io/GpxUi
2020-02-05 11:11:01> FileDownloader: Downloading url: https://markwal.github.io/GpxUi/RELEASES
2020-02-05 11:11:01> IEnableLogger: Failed to download url: https://markwal.github.io/GpxUi/RELEASES: System.Net.WebException: The request was aborted: Could not create SSL/TLS secure channel.
   at System.Net.HttpWebRequest.EndGetResponse(IAsyncResult asyncResult)
   at System.Net.WebClient.GetWebResponse(WebRequest request, IAsyncResult result)
   at System.Net.WebClient.DownloadBitsResponseCallback(IAsyncResult result)
--- End of stack trace from previous location where exception was thrown ---
   at System.Runtime.CompilerServices.TaskAwaiter.ThrowForNonSuccess(Task task)
   at System.Runtime.CompilerServices.TaskAwaiter.HandleNonSuccessAndDebuggerNotification(Task task)
   at Squirrel.Utility.<LogIfThrows>d__54`1.MoveNext()
2020-02-05 11:11:01> FileDownloader: Downloading url: https://markwal.github.io/gpxui/releases
2020-02-05 11:11:01> IEnableLogger: Failed to download url: https://markwal.github.io/gpxui/releases: System.Net.WebException: The request was aborted: Could not create SSL/TLS secure channel.
   at System.Net.HttpWebRequest.EndGetResponse(IAsyncResult asyncResult)
   at System.Net.WebClient.GetWebResponse(WebRequest request, IAsyncResult result)
   at System.Net.WebClient.DownloadBitsResponseCallback(IAsyncResult result)
--- End of stack trace from previous location where exception was thrown ---
   at System.Runtime.CompilerServices.TaskAwaiter.ThrowForNonSuccess(Task task)
   at System.Runtime.CompilerServices.TaskAwaiter.HandleNonSuccessAndDebuggerNotification(Task task)
   at Squirrel.Utility.<LogIfThrows>d__54`1.MoveNext()
2020-02-05 11:11:01> CheckForUpdateImpl: Download resulted in WebException (returning blank release list): System.Net.WebException: The request was aborted: Could not create SSL/TLS secure channel.
   at System.Net.HttpWebRequest.EndGetResponse(IAsyncResult asyncResult)
   at System.Net.WebClient.GetWebResponse(WebRequest request, IAsyncResult result)
   at System.Net.WebClient.DownloadBitsResponseCallback(IAsyncResult result)
--- End of stack trace from previous location where exception was thrown ---
   at System.Runtime.CompilerServices.TaskAwaiter.ThrowForNonSuccess(Task task)
   at System.Runtime.CompilerServices.TaskAwaiter.HandleNonSuccessAndDebuggerNotification(Task task)
   at Squirrel.Utility.<LogIfThrows>d__54`1.MoveNext()
--- End of stack trace from previous location where exception was thrown ---
   at System.Runtime.CompilerServices.TaskAwaiter.ThrowForNonSuccess(Task task)
   at System.Runtime.CompilerServices.TaskAwaiter.HandleNonSuccessAndDebuggerNotification(Task task)
   at Squirrel.FileDownloader.<DownloadUrl>d__14.MoveNext()
--- End of stack trace from previous location where exception was thrown ---
   at System.Runtime.CompilerServices.TaskAwaiter.ThrowForNonSuccess(Task task)
   at System.Runtime.CompilerServices.TaskAwaiter.HandleNonSuccessAndDebuggerNotification(Task task)
   at Squirrel.UpdateManager.CheckForUpdateImpl.<CheckForUpdate>d__3a.MoveNext()
2020-02-05 11:11:01> FileDownloader: Downloading url: https://markwal.github.io/GpxUi/RELEASES
2020-02-05 11:11:01> IEnableLogger: Failed to download url: https://markwal.github.io/GpxUi/RELEASES: System.Net.WebException: The request was aborted: Could not create SSL/TLS secure channel.
   at System.Net.HttpWebRequest.EndGetResponse(IAsyncResult asyncResult)
   at System.Net.WebClient.GetWebResponse(WebRequest request, IAsyncResult result)
   at System.Net.WebClient.DownloadBitsResponseCallback(IAsyncResult result)
--- End of stack trace from previous location where exception was thrown ---
   at System.Runtime.CompilerServices.TaskAwaiter.ThrowForNonSuccess(Task task)
   at System.Runtime.CompilerServices.TaskAwaiter.HandleNonSuccessAndDebuggerNotification(Task task)
   at Squirrel.Utility.<LogIfThrows>d__54`1.MoveNext()
2020-02-05 11:11:01> FileDownloader: Downloading url: https://markwal.github.io/gpxui/releases
2020-02-05 11:11:01> IEnableLogger: Failed to download url: https://markwal.github.io/gpxui/releases: System.Net.WebException: The request was aborted: Could not create SSL/TLS secure channel.
   at System.Net.HttpWebRequest.EndGetResponse(IAsyncResult asyncResult)
   at System.Net.WebClient.GetWebResponse(WebRequest request, IAsyncResult result)
   at System.Net.WebClient.DownloadBitsResponseCallback(IAsyncResult result)
--- End of stack trace from previous location where exception was thrown ---
   at System.Runtime.CompilerServices.TaskAwaiter.ThrowForNonSuccess(Task task)
   at System.Runtime.CompilerServices.TaskAwaiter.HandleNonSuccessAndDebuggerNotification(Task task)
   at Squirrel.Utility.<LogIfThrows>d__54`1.MoveNext()
2020-02-05 11:11:01> CheckForUpdateImpl: Download resulted in WebException (returning blank release list): System.Net.WebException: The request was aborted: Could not create SSL/TLS secure channel.
   at System.Net.HttpWebRequest.EndGetResponse(IAsyncResult asyncResult)
   at System.Net.WebClient.GetWebResponse(WebRequest request, IAsyncResult result)
   at System.Net.WebClient.DownloadBitsResponseCallback(IAsyncResult result)
--- End of stack trace from previous location where exception was thrown ---
   at System.Runtime.CompilerServices.TaskAwaiter.ThrowForNonSuccess(Task task)
   at System.Runtime.CompilerServices.TaskAwaiter.HandleNonSuccessAndDebuggerNotification(Task task)
   at Squirrel.Utility.<LogIfThrows>d__54`1.MoveNext()
--- End of stack trace from previous location where exception was thrown ---
   at System.Runtime.CompilerServices.TaskAwaiter.ThrowForNonSuccess(Task task)
   at System.Runtime.CompilerServices.TaskAwaiter.HandleNonSuccessAndDebuggerNotification(Task task)
   at Squirrel.FileDownloader.<DownloadUrl>d__14.MoveNext()
--- End of stack trace from previous location where exception was thrown ---
   at System.Runtime.CompilerServices.TaskAwaiter.ThrowForNonSuccess(Task task)
   at System.Runtime.CompilerServices.TaskAwaiter.HandleNonSuccessAndDebuggerNotification(Task task)
   at Squirrel.UpdateManager.CheckForUpdateImpl.<CheckForUpdate>d__3a.MoveNext()
2020-02-05 11:11:01> FileDownloader: Downloading url: https://markwal.github.io/GpxUi/RELEASES
2020-02-05 11:11:01> IEnableLogger: Failed to download url: https://markwal.github.io/GpxUi/RELEASES: System.Net.WebException: The request was aborted: Could not create SSL/TLS secure channel.
   at System.Net.HttpWebRequest.EndGetResponse(IAsyncResult asyncResult)
   at System.Net.WebClient.GetWebResponse(WebRequest request, IAsyncResult result)
   at System.Net.WebClient.DownloadBitsResponseCallback(IAsyncResult result)
--- End of stack trace from previous location where exception was thrown ---
   at System.Runtime.CompilerServices.TaskAwaiter.ThrowForNonSuccess(Task task)
   at System.Runtime.CompilerServices.TaskAwaiter.HandleNonSuccessAndDebuggerNotification(Task task)
   at Squirrel.Utility.<LogIfThrows>d__54`1.MoveNext()
2020-02-05 11:11:01> FileDownloader: Downloading url: https://markwal.github.io/gpxui/releases
2020-02-05 11:11:01> IEnableLogger: Failed to download url: https://markwal.github.io/gpxui/releases: System.Net.WebException: The request was aborted: Could not create SSL/TLS secure channel.
   at System.Net.HttpWebRequest.EndGetResponse(IAsyncResult asyncResult)
   at System.Net.WebClient.GetWebResponse(WebRequest request, IAsyncResult result)
   at System.Net.WebClient.DownloadBitsResponseCallback(IAsyncResult result)
--- End of stack trace from previous location where exception was thrown ---
   at System.Runtime.CompilerServices.TaskAwaiter.ThrowForNonSuccess(Task task)
   at System.Runtime.CompilerServices.TaskAwaiter.HandleNonSuccessAndDebuggerNotification(Task task)
   at Squirrel.Utility.<LogIfThrows>d__54`1.MoveNext()
2020-02-05 11:11:01> CheckForUpdateImpl: Download resulted in WebException (returning blank release list): System.Net.WebException: The request was aborted: Could not create SSL/TLS secure channel.
   at System.Net.HttpWebRequest.EndGetResponse(IAsyncResult asyncResult)
   at System.Net.WebClient.GetWebResponse(WebRequest request, IAsyncResult result)
   at System.Net.WebClient.DownloadBitsResponseCallback(IAsyncResult result)
--- End of stack trace from previous location where exception was thrown ---
   at System.Runtime.CompilerServices.TaskAwaiter.ThrowForNonSuccess(Task task)
   at System.Runtime.CompilerServices.TaskAwaiter.HandleNonSuccessAndDebuggerNotification(Task task)
   at Squirrel.Utility.<LogIfThrows>d__54`1.MoveNext()
--- End of stack trace from previous location where exception was thrown ---
   at System.Runtime.CompilerServices.TaskAwaiter.ThrowForNonSuccess(Task task)
   at System.Runtime.CompilerServices.TaskAwaiter.HandleNonSuccessAndDebuggerNotification(Task task)
   at Squirrel.FileDownloader.<DownloadUrl>d__14.MoveNext()
--- End of stack trace from previous location where exception was thrown ---
   at System.Runtime.CompilerServices.TaskAwaiter.ThrowForNonSuccess(Task task)
   at System.Runtime.CompilerServices.TaskAwaiter.HandleNonSuccessAndDebuggerNotification(Task task)
   at Squirrel.UpdateManager.CheckForUpdateImpl.<CheckForUpdate>d__3a.MoveNext()
2020-02-05 11:11:01> FileDownloader: Downloading url: https://markwal.github.io/GpxUi/RELEASES
2020-02-05 11:11:01> IEnableLogger: Failed to download url: https://markwal.github.io/GpxUi/RELEASES: System.Net.WebException: The request was aborted: Could not create SSL/TLS secure channel.
   at System.Net.HttpWebRequest.EndGetResponse(IAsyncResult asyncResult)
   at System.Net.WebClient.GetWebResponse(WebRequest request, IAsyncResult result)
   at System.Net.WebClient.DownloadBitsResponseCallback(IAsyncResult result)
--- End of stack trace from previous location where exception was thrown ---
   at System.Runtime.CompilerServices.TaskAwaiter.ThrowForNonSuccess(Task task)
   at System.Runtime.CompilerServices.TaskAwaiter.HandleNonSuccessAndDebuggerNotification(Task task)
   at Squirrel.Utility.<LogIfThrows>d__54`1.MoveNext()
2020-02-05 11:11:01> FileDownloader: Downloading url: https://markwal.github.io/gpxui/releases
2020-02-05 11:11:01> IEnableLogger: Failed to download url: https://markwal.github.io/gpxui/releases: System.Net.WebException: The request was aborted: Could not create SSL/TLS secure channel.
   at System.Net.HttpWebRequest.EndGetResponse(IAsyncResult asyncResult)
   at System.Net.WebClient.GetWebResponse(WebRequest request, IAsyncResult result)
   at System.Net.WebClient.DownloadBitsResponseCallback(IAsyncResult result)
--- End of stack trace from previous location where exception was thrown ---
   at System.Runtime.CompilerServices.TaskAwaiter.ThrowForNonSuccess(Task task)
   at System.Runtime.CompilerServices.TaskAwaiter.HandleNonSuccessAndDebuggerNotification(Task task)
   at Squirrel.Utility.<LogIfThrows>d__54`1.MoveNext()
2020-02-05 11:11:01> CheckForUpdateImpl: Download resulted in WebException (returning blank release list): System.Net.WebException: The request was aborted: Could not create SSL/TLS secure channel.
   at System.Net.HttpWebRequest.EndGetResponse(IAsyncResult asyncResult)
   at System.Net.WebClient.GetWebResponse(WebRequest request, IAsyncResult result)
   at System.Net.WebClient.DownloadBitsResponseCallback(IAsyncResult result)
--- End of stack trace from previous location where exception was thrown ---
   at System.Runtime.CompilerServices.TaskAwaiter.ThrowForNonSuccess(Task task)
   at System.Runtime.CompilerServices.TaskAwaiter.HandleNonSuccessAndDebuggerNotification(Task task)
   at Squirrel.Utility.<LogIfThrows>d__54`1.MoveNext()
--- End of stack trace from previous location where exception was thrown ---
   at System.Runtime.CompilerServices.TaskAwaiter.ThrowForNonSuccess(Task task)
   at System.Runtime.CompilerServices.TaskAwaiter.HandleNonSuccessAndDebuggerNotification(Task task)
   at Squirrel.FileDownloader.<DownloadUrl>d__14.MoveNext()
--- End of stack trace from previous location where exception was thrown ---
   at System.Runtime.CompilerServices.TaskAwaiter.ThrowForNonSuccess(Task task)
   at System.Runtime.CompilerServices.TaskAwaiter.HandleNonSuccessAndDebuggerNotification(Task task)
   at Squirrel.UpdateManager.CheckForUpdateImpl.<CheckForUpdate>d__3a.MoveNext()
2020-02-05 11:11:01> Program: Really couldn't apply updates!: System.Net.WebException: The request was aborted: Could not create SSL/TLS secure channel.
   at System.Net.HttpWebRequest.EndGetResponse(IAsyncResult asyncResult)
   at System.Net.WebClient.GetWebResponse(WebRequest request, IAsyncResult result)
   at System.Net.WebClient.DownloadBitsResponseCallback(IAsyncResult result)
--- End of stack trace from previous location where exception was thrown ---
   at System.Runtime.CompilerServices.TaskAwaiter.ThrowForNonSuccess(Task task)
   at System.Runtime.CompilerServices.TaskAwaiter.HandleNonSuccessAndDebuggerNotification(Task task)
   at Squirrel.Utility.<LogIfThrows>d__54`1.MoveNext()
--- End of stack trace from previous location where exception was thrown ---
   at System.Runtime.CompilerServices.TaskAwaiter.ThrowForNonSuccess(Task task)
   at System.Runtime.CompilerServices.TaskAwaiter.HandleNonSuccessAndDebuggerNotification(Task task)
   at Squirrel.FileDownloader.<DownloadUrl>d__14.MoveNext()
--- End of stack trace from previous location where exception was thrown ---
   at System.Runtime.CompilerServices.TaskAwaiter.ThrowForNonSuccess(Task task)
   at System.Runtime.CompilerServices.TaskAwaiter.HandleNonSuccessAndDebuggerNotification(Task task)
   at Squirrel.UpdateManager.CheckForUpdateImpl.<CheckForUpdate>d__3a.MoveNext()
--- End of stack trace from previous location where exception was thrown ---
   at System.Runtime.CompilerServices.TaskAwaiter.ThrowForNonSuccess(Task task)
   at System.Runtime.CompilerServices.TaskAwaiter.HandleNonSuccessAndDebuggerNotification(Task task)
   at Squirrel.UpdateManager.<CheckForUpdate>d__0.MoveNext()
--- End of stack trace from previous location where exception was thrown ---
   at System.Runtime.CompilerServices.TaskAwaiter.ThrowForNonSuccess(Task task)
   at System.Runtime.CompilerServices.TaskAwaiter.HandleNonSuccessAndDebuggerNotification(Task task)
   at Squirrel.Update.Program.<Update>d__41.MoveNext()
2020-02-05 11:11:01> Unhandled exception: System.AggregateException: One or more errors occurred. ---> System.Net.WebException: The request was aborted: Could not create SSL/TLS secure channel.
   at System.Net.HttpWebRequest.EndGetResponse(IAsyncResult asyncResult)
   at System.Net.WebClient.GetWebResponse(WebRequest request, IAsyncResult result)
   at System.Net.WebClient.DownloadBitsResponseCallback(IAsyncResult result)
--- End of stack trace from previous location where exception was thrown ---
   at System.Runtime.CompilerServices.TaskAwaiter.ThrowForNonSuccess(Task task)
   at System.Runtime.CompilerServices.TaskAwaiter.HandleNonSuccessAndDebuggerNotification(Task task)
   at Squirrel.Utility.<LogIfThrows>d__54`1.MoveNext()
--- End of stack trace from previous location where exception was thrown ---
   at System.Runtime.CompilerServices.TaskAwaiter.ThrowForNonSuccess(Task task)
   at System.Runtime.CompilerServices.TaskAwaiter.HandleNonSuccessAndDebuggerNotification(Task task)
   at Squirrel.FileDownloader.<DownloadUrl>d__14.MoveNext()
--- End of stack trace from previous location where exception was thrown ---
   at System.Runtime.CompilerServices.TaskAwaiter.ThrowForNonSuccess(Task task)
   at System.Runtime.CompilerServices.TaskAwaiter.HandleNonSuccessAndDebuggerNotification(Task task)
   at Squirrel.UpdateManager.CheckForUpdateImpl.<CheckForUpdate>d__3a.MoveNext()
--- End of stack trace from previous location where exception was thrown ---
   at System.Runtime.CompilerServices.TaskAwaiter.ThrowForNonSuccess(Task task)
   at System.Runtime.CompilerServices.TaskAwaiter.HandleNonSuccessAndDebuggerNotification(Task task)
   at Squirrel.UpdateManager.<CheckForUpdate>d__0.MoveNext()
--- End of stack trace from previous location where exception was thrown ---
   at System.Runtime.CompilerServices.TaskAwaiter.ThrowForNonSuccess(Task task)
   at System.Runtime.CompilerServices.TaskAwaiter.HandleNonSuccessAndDebuggerNotification(Task task)
   at Squirrel.Update.Program.<Update>d__41.MoveNext()
   --- End of inner exception stack trace ---
   at System.Threading.Tasks.Task.ThrowIfExceptional(Boolean includeTaskCanceledExceptions)
   at System.Threading.Tasks.Task.Wait(Int32 millisecondsTimeout, CancellationToken cancellationToken)
   at System.Threading.Tasks.Task.Wait()
   at Squirrel.Update.Program.executeCommandLine(String[] args)
   at Squirrel.Update.Program.main(String[] args)
---> (Inner Exception #0) System.Net.WebException: The request was aborted: Could not create SSL/TLS secure channel.
   at System.Net.HttpWebRequest.EndGetResponse(IAsyncResult asyncResult)
   at System.Net.WebClient.GetWebResponse(WebRequest request, IAsyncResult result)
   at System.Net.WebClient.DownloadBitsResponseCallback(IAsyncResult result)
--- End of stack trace from previous location where exception was thrown ---
   at System.Runtime.CompilerServices.TaskAwaiter.ThrowForNonSuccess(Task task)
   at System.Runtime.CompilerServices.TaskAwaiter.HandleNonSuccessAndDebuggerNotification(Task task)
   at Squirrel.Utility.<LogIfThrows>d__54`1.MoveNext()
--- End of stack trace from previous location where exception was thrown ---
   at System.Runtime.CompilerServices.TaskAwaiter.ThrowForNonSuccess(Task task)
   at System.Runtime.CompilerServices.TaskAwaiter.HandleNonSuccessAndDebuggerNotification(Task task)
   at Squirrel.FileDownloader.<DownloadUrl>d__14.MoveNext()
--- End of stack trace from previous location where exception was thrown ---
   at System.Runtime.CompilerServices.TaskAwaiter.ThrowForNonSuccess(Task task)
   at System.Runtime.CompilerServices.TaskAwaiter.HandleNonSuccessAndDebuggerNotification(Task task)
   at Squirrel.UpdateManager.CheckForUpdateImpl.<CheckForUpdate>d__3a.MoveNext()
--- End of stack trace from previous location where exception was thrown ---
   at System.Runtime.CompilerServices.TaskAwaiter.ThrowForNonSuccess(Task task)
   at System.Runtime.CompilerServices.TaskAwaiter.HandleNonSuccessAndDebuggerNotification(Task task)
   at Squirrel.UpdateManager.<CheckForUpdate>d__0.MoveNext()
--- End of stack trace from previous location where exception was thrown ---
   at System.Runtime.CompilerServices.TaskAwaiter.ThrowForNonSuccess(Task task)
   at System.Runtime.CompilerServices.TaskAwaiter.HandleNonSuccessAndDebuggerNotification(Task task)
   at Squirrel.Update.Program.<Update>d__41.MoveNext()<---

